<?xml version="1.0" encoding="UTF-8"?>
<!-- Generated by org.testng.reporters.JUnitReportReporter -->
<testsuite hostname="DESKTOP-ORH0E8A" failures="0" tests="1" name="testcases.RoundTripTest" time="18.124" errors="0" timestamp="2023-03-24T11:59:54 IST" skipped="0">
  <testcase classname="testcases.RoundTripTest" name="SearchFlight" time="18.124"/>
  <system-out/>
</testsuite> <!-- testcases.RoundTripTest -->
