<?xml version="1.0" encoding="UTF-8"?>
<!-- Generated by org.testng.reporters.JUnitReportReporter -->
<testsuite hostname="DESKTOP-ORH0E8A" failures="0" tests="1" name="testcases.OnewayTripTest" time="27.691" errors="0" timestamp="2023-03-24T11:55:57 IST" skipped="0">
  <testcase classname="testcases.OnewayTripTest" name="SearchFlightOneWay" time="27.691"/>
  <system-out/>
</testsuite> <!-- testcases.OnewayTripTest -->
