<?xml version="1.0" encoding="UTF-8"?>
<!-- Generated by org.testng.reporters.JUnitReportReporter -->
<testsuite hostname="DESKTOP-ORH0E8A" failures="0" tests="1" name="testcases.OnewayTripTest" time="25.645" errors="0" timestamp="2023-03-24T12:19:03 IST" skipped="0">
  <testcase classname="testcases.OnewayTripTest" name="SearchFlightOneWay" time="25.645"/>
  <system-out/>
</testsuite> <!-- testcases.OnewayTripTest -->
